<?xml version="1.0" encoding="UTF-8"?>
<!-- Generated by org.testng.reporters.JUnitReportReporter -->
<testsuite hostname="HIM" name="Tatoc" tests="5" failures="0" timestamp="18 Jun 2018 15:34:24 GMT" time="4.290" errors="0">
  <testcase name="frameDungeon" time="1.331" classname="Tatoc"/>
  <testcase name="greenBox" time="0.374" classname="Tatoc"/>
  <testcase name="cookie" time="0.308" classname="Tatoc"/>
  <testcase name="popup" time="1.749" classname="Tatoc"/>
  <testcase name="drag" time="0.528" classname="Tatoc"/>
</testsuite> <!-- Tatoc -->
